Engine-Match Thursday, August 9, 2018 5:22:03 PM
 Tournament Game in 5 Minutes 

Pairing 1/1 :    Pulse  -  Pulse--cpp

PGN-File: D:\Applications\Arena\Arena.pgn

No:  B/W 1/2     W:B       1:2           Time        Value Moves Dep 1:2       1-2-Draws
   1 B 2    1.0:0.0        0.0:1.0       5:27:59 PM   -15.38    35 6.394 :7.094  0-1-0

--------------------------------------------------------------

Engine-Match Thursday, August 9, 2018 6:08:16 PM
 6 Half moves 

Pairing 1/1 :    Pulse--cpp  -  Pulse--fast

PGN-File: D:\Applications\Arena\Arena.pgn

No:  B/W 1/2     W:B       1:2           Time        Value Moves Dep 1:2       1-2-Draws
   1 * *     0.0:0.0        0.0:0.0       6:09:29 PM    +0.39     4 6.000 :6.000  0-0-0
   1 * *     0.0:0.0        0.0:0.0       7:31:41 PM    +0.03     1 0:7.000  0-0-0
   1 * *     0.0:0.0        0.0:0.0       7:56:13 PM    +0.08     2 7.000 :7.000  0-0-0
   1 * *     0.0:0.0        0.0:0.0       8:12:00 PM    -3.32     5 5.200 :7.500  0-0-0
   1 * *     0.0:0.0        0.0:0.0       8:14:53 PM      +M1     4 4.200 :7.333  0-0-0
   1 * *     0.0:0.0        0.0:0.0       8:29:28 PM    -2.51    18 5.556 :6.235  0-0-0
   1 * *     0.0:0.0        0.0:0.0       8:39:30 PM    -2.09    32 6.375 :6.125  0-0-0
   1 = =    0.5:0.5        0.5:0.5       8:44:10 PM    +1.23    40 6.308 :6.038  0-0-1
