d:\documents\sourcetree\chessbot\versionc++\chessbot\chessbot\debug\chessbot.pch
d:\documents\sourcetree\chessbot\versionc++\chessbot\chessbot\debug\vc141.pdb
d:\documents\sourcetree\chessbot\versionc++\chessbot\chessbot\debug\vc141.idb
d:\documents\sourcetree\chessbot\versionc++\chessbot\chessbot\debug\stdafx.obj
d:\documents\sourcetree\chessbot\versionc++\chessbot\chessbot\debug\chessbot.obj
c:\users\aisae\documents\sourcetree\chessbot\versionc++\chessbot\chessbot\debug\chessbot.pch
c:\users\aisae\documents\sourcetree\chessbot\versionc++\chessbot\chessbot\debug\vc141.pdb
c:\users\aisae\documents\sourcetree\chessbot\versionc++\chessbot\chessbot\debug\vc141.idb
c:\users\aisae\documents\sourcetree\chessbot\versionc++\chessbot\chessbot\debug\stdafx.obj
c:\users\aisae\documents\sourcetree\chessbot\versionc++\chessbot\chessbot\debug\chessbot.obj
d:\documents\sourcetree\chessbot\versionc++\chessbot\chessbot\debug\chessbot.res
c:\users\aisae\documents\sourcetree\chessbot\versionc++\chessbot\chessbot\debug\chessbot.res
c:\users\aisae\documents\sourcetree\chessbot\versionc++\chessbot\chessbot\debug\chessbot.tlog\cl.command.1.tlog
c:\users\aisae\documents\sourcetree\chessbot\versionc++\chessbot\chessbot\debug\chessbot.tlog\cl.read.1.tlog
c:\users\aisae\documents\sourcetree\chessbot\versionc++\chessbot\chessbot\debug\chessbot.tlog\cl.write.1.tlog
c:\users\aisae\documents\sourcetree\chessbot\versionc++\chessbot\chessbot\debug\chessbot.tlog\link.5624-cvtres.read.1.tlog
c:\users\aisae\documents\sourcetree\chessbot\versionc++\chessbot\chessbot\debug\chessbot.tlog\link.5624-cvtres.write.1.tlog
c:\users\aisae\documents\sourcetree\chessbot\versionc++\chessbot\chessbot\debug\chessbot.tlog\link.5624-rc.read.1.tlog
c:\users\aisae\documents\sourcetree\chessbot\versionc++\chessbot\chessbot\debug\chessbot.tlog\link.5624-rc.write.1.tlog
c:\users\aisae\documents\sourcetree\chessbot\versionc++\chessbot\chessbot\debug\chessbot.tlog\link.5624.read.1.tlog
c:\users\aisae\documents\sourcetree\chessbot\versionc++\chessbot\chessbot\debug\chessbot.tlog\link.5624.write.1.tlog
c:\users\aisae\documents\sourcetree\chessbot\versionc++\chessbot\chessbot\debug\chessbot.tlog\link.command.1.tlog
c:\users\aisae\documents\sourcetree\chessbot\versionc++\chessbot\chessbot\debug\chessbot.tlog\link.read.1.tlog
c:\users\aisae\documents\sourcetree\chessbot\versionc++\chessbot\chessbot\debug\chessbot.tlog\link.write.1.tlog
c:\users\aisae\documents\sourcetree\chessbot\versionc++\chessbot\chessbot\debug\chessbot.tlog\rc.command.1.tlog
c:\users\aisae\documents\sourcetree\chessbot\versionc++\chessbot\chessbot\debug\chessbot.tlog\rc.read.1.tlog
c:\users\aisae\documents\sourcetree\chessbot\versionc++\chessbot\chessbot\debug\chessbot.tlog\rc.write.1.tlog
