  stdafx.cpp
  ChessBot.cpp
d:\documents\sourcetree\chessbot\versionc++\chessbot\chessbot\chessbot.cpp(312): warning C4244: '=': conversion from 'float' to 'int', possible loss of data
d:\documents\sourcetree\chessbot\versionc++\chessbot\chessbot\chessbot.cpp(313): warning C4244: '=': conversion from 'float' to 'int', possible loss of data
d:\documents\sourcetree\chessbot\versionc++\chessbot\chessbot\chessbot.cpp(314): warning C4244: '=': conversion from 'float' to 'int', possible loss of data
d:\documents\sourcetree\chessbot\versionc++\chessbot\chessbot\chessbot.cpp(315): warning C4244: '=': conversion from 'float' to 'int', possible loss of data
d:\documents\sourcetree\chessbot\versionc++\chessbot\chessbot\chessbot.cpp(340): warning C4129: 'D': unrecognized character escape sequence
d:\documents\sourcetree\chessbot\versionc++\chessbot\chessbot\chessbot.cpp(340): warning C4129: 'S': unrecognized character escape sequence
d:\documents\sourcetree\chessbot\versionc++\chessbot\chessbot\chessbot.cpp(340): warning C4129: 'C': unrecognized character escape sequence
d:\documents\sourcetree\chessbot\versionc++\chessbot\chessbot\chessbot.cpp(340): warning C4129: 'A': unrecognized character escape sequence
d:\documents\sourcetree\chessbot\versionc++\chessbot\chessbot\chessbot.cpp(340): warning C4129: 'B': unrecognized character escape sequence
d:\documents\sourcetree\chessbot\versionc++\chessbot\chessbot\chessbot.cpp(303): warning C4101: 'squareCount': unreferenced local variable
d:\documents\sourcetree\chessbot\versionc++\chessbot\chessbot\chessbot.cpp(242): warning C4101: 'toMove': unreferenced local variable
d:\documents\sourcetree\chessbot\versionc++\chessbot\chessbot\chessbot.cpp(304): warning C4101: 'slashCount': unreferenced local variable
d:\documents\sourcetree\chessbot\versionc++\chessbot\chessbot\chessbot.cpp(302): warning C4101: 'emptyNum': unreferenced local variable
ChessBot.obj : error LNK2019: unresolved external symbol "class cv::debug_build_guard::_InputOutputArray const & __cdecl cv::noArray(void)" (?noArray@cv@@YAABV_InputOutputArray@debug_build_guard@1@XZ) referenced in function "double __cdecl rgbTemplateMatch(class std::basic_string<char,struct std::char_traits<char>,class std::allocator<char> >,class std::basic_string<char,struct std::char_traits<char>,class std::allocator<char> >)" (?rgbTemplateMatch@@YANV?$basic_string@DU?$char_traits@D@std@@V?$allocator@D@2@@std@@0@Z)
ChessBot.obj : error LNK2019: unresolved external symbol "public: void __thiscall cv::Mat::copyTo(class cv::debug_build_guard::_OutputArray const &)const " (?copyTo@Mat@cv@@QBEXABV_OutputArray@debug_build_guard@2@@Z) referenced in function "double __cdecl rgbTemplateMatch(class std::basic_string<char,struct std::char_traits<char>,class std::allocator<char> >,class cv::Mat)" (?rgbTemplateMatch@@YANV?$basic_string@DU?$char_traits@D@std@@V?$allocator@D@2@@std@@VMat@cv@@@Z)
ChessBot.obj : error LNK2019: unresolved external symbol "void __cdecl cv::normalize(class cv::debug_build_guard::_InputArray const &,class cv::debug_build_guard::_InputOutputArray const &,double,double,int,int,class cv::debug_build_guard::_InputArray const &)" (?normalize@cv@@YAXABV_InputArray@debug_build_guard@1@ABV_InputOutputArray@31@NNHH0@Z) referenced in function "double __cdecl rgbTemplateMatch(class std::basic_string<char,struct std::char_traits<char>,class std::allocator<char> >,class cv::Mat)" (?rgbTemplateMatch@@YANV?$basic_string@DU?$char_traits@D@std@@V?$allocator@D@2@@std@@VMat@cv@@@Z)
ChessBot.obj : error LNK2019: unresolved external symbol "void __cdecl cv::minMaxLoc(class cv::debug_build_guard::_InputArray const &,double *,double *,class cv::Point_<int> *,class cv::Point_<int> *,class cv::debug_build_guard::_InputArray const &)" (?minMaxLoc@cv@@YAXABV_InputArray@debug_build_guard@1@PAN1PAV?$Point_@H@1@20@Z) referenced in function "double __cdecl rgbTemplateMatch(class std::basic_string<char,struct std::char_traits<char>,class std::allocator<char> >,class std::basic_string<char,struct std::char_traits<char>,class std::allocator<char> >)" (?rgbTemplateMatch@@YANV?$basic_string@DU?$char_traits@D@std@@V?$allocator@D@2@@std@@0@Z)
ChessBot.obj : error LNK2019: unresolved external symbol "void __cdecl cv::imshow(class cv::String const &,class cv::debug_build_guard::_InputArray const &)" (?imshow@cv@@YAXABVString@1@ABV_InputArray@debug_build_guard@1@@Z) referenced in function "void __cdecl MainBot(void)" (?MainBot@@YAXXZ)
ChessBot.obj : error LNK2019: unresolved external symbol "void __cdecl cv::resize(class cv::debug_build_guard::_InputArray const &,class cv::debug_build_guard::_OutputArray const &,class cv::Size_<int>,double,double,int)" (?resize@cv@@YAXABV_InputArray@debug_build_guard@1@ABV_OutputArray@31@V?$Size_@H@1@NNH@Z) referenced in function "void __cdecl MainBot(void)" (?MainBot@@YAXXZ)
ChessBot.obj : error LNK2019: unresolved external symbol "void __cdecl cv::matchTemplate(class cv::debug_build_guard::_InputArray const &,class cv::debug_build_guard::_InputArray const &,class cv::debug_build_guard::_OutputArray const &,int,class cv::debug_build_guard::_InputArray const &)" (?matchTemplate@cv@@YAXABV_InputArray@debug_build_guard@1@0ABV_OutputArray@31@H0@Z) referenced in function "double __cdecl rgbTemplateMatch(class std::basic_string<char,struct std::char_traits<char>,class std::allocator<char> >,class std::basic_string<char,struct std::char_traits<char>,class std::allocator<char> >)" (?rgbTemplateMatch@@YANV?$basic_string@DU?$char_traits@D@std@@V?$allocator@D@2@@std@@0@Z)
ChessBot.obj : error LNK2019: unresolved external symbol "void __cdecl cv::rectangle(class cv::debug_build_guard::_InputOutputArray const &,class cv::Point_<int>,class cv::Point_<int>,class cv::Scalar_<double> const &,int,int,int)" (?rectangle@cv@@YAXABV_InputOutputArray@debug_build_guard@1@V?$Point_@H@1@1ABV?$Scalar_@N@1@HHH@Z) referenced in function "double __cdecl rgbTemplateMatch(class std::basic_string<char,struct std::char_traits<char>,class std::allocator<char> >,class cv::Mat)" (?rgbTemplateMatch@@YANV?$basic_string@DU?$char_traits@D@std@@V?$allocator@D@2@@std@@VMat@cv@@@Z)
D:\Documents\SourceTree\ChessBot\VersionC++\ChessBot\Debug\ChessBot.exe : fatal error LNK1120: 8 unresolved externals
