  ChessBot.cpp
ChessBot.cpp(36): warning C4129: 'D': unrecognized character escape sequence
ChessBot.cpp(36): warning C4129: 'S': unrecognized character escape sequence
ChessBot.cpp(36): warning C4129: 'C': unrecognized character escape sequence
ChessBot.cpp(57): warning C4244: 'return': conversion from 'double' to 'float', possible loss of data
ChessBot.cpp(70): warning C4244: 'return': conversion from 'double' to 'float', possible loss of data
ChessBot.cpp(283): warning C4244: '=': conversion from 'float' to 'int', possible loss of data
ChessBot.cpp(284): warning C4244: '=': conversion from 'float' to 'int', possible loss of data
ChessBot.cpp(285): warning C4244: '=': conversion from 'float' to 'int', possible loss of data
ChessBot.cpp(286): warning C4244: '=': conversion from 'float' to 'int', possible loss of data
ChessBot.cpp(274): warning C4101: 'squareCount': unreferenced local variable
ChessBot.cpp(213): warning C4101: 'toMove': unreferenced local variable
ChessBot.cpp(275): warning C4101: 'slashCount': unreferenced local variable
ChessBot.cpp(273): warning C4101: 'emptyNum': unreferenced local variable
  Generating code
  5 of 143 functions ( 3.5%) were compiled, the rest were copied from previous compilation.
    0 functions were new in current compilation
    34 functions had inline decision re-evaluated but remain unchanged
  Finished generating code
  ChessBot.vcxproj -> C:\Users\aisae\Documents\Sourcetree\ChessBot\VersionC++\ChessBot\Release\ChessBot.exe
